2013-08-16 12:08:28,421  INFO [AWT-EventQueue-0] com.thang.core.DefaultClient -Start Successful !
2013-08-16 12:10:20,218  INFO [AWT-EventQueue-0] com.thang.core.DefaultClient -Start Successful !
2013-08-16 14:21:02,015  INFO [AWT-EventQueue-0] com.thang.core.DefaultClient -Start Successful !
2013-08-16 14:23:28,562 ERROR [AWT-EventQueue-0] com.thang.core.DefaultClient -Here is a error:SASL authentication DIGEST-MD5 failed: not-authorized
2013-08-16 14:26:31,890  INFO [AWT-EventQueue-0] com.thang.core.DefaultClient -Start Successful !
2013-08-16 14:27:11,375 ERROR [AWT-EventQueue-0] com.thang.core.DefaultClient -Here is a error:SASL authentication DIGEST-MD5 failed: not-authorized
2013-08-16 14:31:54,796 ERROR [AWT-EventQueue-0] com.thang.core.DefaultClient -Here is a error:SASL authentication DIGEST-MD5 failed: not-authorized
2013-08-16 14:32:12,734  INFO [AWT-EventQueue-0] com.thang.core.DefaultClient -Start Successful !
2013-08-16 14:33:30,296  INFO [AWT-EventQueue-0] com.thang.core.DefaultClient -Start Successful !
2013-08-16 14:34:57,000  INFO [AWT-EventQueue-0] com.thang.core.DefaultClient -Start Successful !
2013-08-16 14:42:42,906 ERROR [AWT-EventQueue-0] com.thang.core.DefaultClient -Here is a error:SASL authentication DIGEST-MD5 failed: not-authorized
2013-08-16 14:46:03,656 ERROR [AWT-EventQueue-0] com.thang.core.DefaultClient -Method:start Here is a error:SASL authentication DIGEST-MD5 failed: not-authorized
2013-08-16 14:49:29,328  INFO [AWT-EventQueue-0] com.thang.core.DefaultClient -Start Successful !
2013-08-16 16:58:19,843  INFO [AWT-EventQueue-0] com.thang.view.Interflow -Start Successful !
2013-08-16 17:23:25,765  INFO [AWT-EventQueue-0] com.thang.view.Interflow -Start Successful !
2013-08-16 17:30:45,000  INFO [AWT-EventQueue-0] com.thang.view.Interflow -Start Successful !
2013-08-19 11:20:04,671  INFO [AWT-EventQueue-0] com.thang.view.Interflow -Start Successful !
2013-08-19 11:27:28,750  INFO [AWT-EventQueue-0] com.thang.view.Interflow -Start Successful !
2013-08-19 13:10:07,265  INFO [AWT-EventQueue-0] com.thang.view.Interflow -Start Successful !
2013-08-19 13:22:16,937  INFO [AWT-EventQueue-0] com.thang.view.Interflow -Start Successful !
2013-08-19 13:24:56,281  INFO [AWT-EventQueue-0] com.thang.view.Interflow -Start Successful !
2013-08-19 13:25:44,187  INFO [AWT-EventQueue-0] com.thang.view.Interflow -Start Successful !
2013-08-19 13:28:11,015  INFO [AWT-EventQueue-0] com.thang.view.Interflow -Start Successful !
2013-08-19 13:29:55,671  INFO [AWT-EventQueue-0] com.thang.view.Interflow -Start Successful !
2013-08-19 13:36:26,828  INFO [AWT-EventQueue-0] com.thang.view.Interflow -Start Successful !
2013-08-19 13:54:51,843  INFO [AWT-EventQueue-0] com.thang.view.Interflow -Start Successful !
2013-08-19 13:56:11,500  INFO [AWT-EventQueue-0] com.thang.view.Interflow -Start Successful !
2013-08-19 13:57:00,546  INFO [AWT-EventQueue-0] com.thang.view.Interflow -Start Successful !
2013-08-19 13:58:24,859  INFO [AWT-EventQueue-0] com.thang.view.Interflow -Start Successful !
2013-08-19 14:02:20,640  INFO [AWT-EventQueue-0] com.thang.view.Interflow -Start Successful !
2013-08-19 14:05:33,343  INFO [AWT-EventQueue-0] com.thang.view.Interflow -Start Successful !
2013-08-19 14:28:25,187  INFO [AWT-EventQueue-0] com.thang.view.Interflow -Start Successful !
2013-08-19 14:36:16,437  INFO [AWT-EventQueue-0] com.thang.view.Interflow -Start Successful !
2013-08-19 14:41:25,546  INFO [AWT-EventQueue-0] com.thang.view.Interflow -Start Successful !
2013-08-19 14:42:57,750  INFO [AWT-EventQueue-0] com.thang.view.Interflow -Start Successful !
2013-08-19 14:45:41,390  INFO [AWT-EventQueue-0] com.thang.view.Interflow -Start Successful !
2013-08-19 14:51:36,000  INFO [AWT-EventQueue-0] com.thang.view.Interflow -Start Successful !
2013-08-19 14:52:31,109  INFO [AWT-EventQueue-0] com.thang.view.Interflow -Start Successful !
2013-08-19 14:53:14,656  INFO [AWT-EventQueue-0] com.thang.view.Interflow -Start Successful !
2013-08-19 14:59:20,843  INFO [AWT-EventQueue-0] com.thang.view.Interflow -Start Successful !
2013-08-19 15:27:12,640 ERROR [AWT-EventQueue-0] com.thang.view.Interflow -code:client.start Here is a error:null
2013-08-19 15:28:32,531 ERROR [AWT-EventQueue-0] com.thang.view.Interflow -code:client.start Here is a error:null
2013-08-19 15:29:02,593 ERROR [AWT-EventQueue-0] com.thang.view.Interflow -code:client.start Here is a error:null
2013-08-19 15:29:44,171 ERROR [AWT-EventQueue-0] com.thang.view.Interflow -code:client.start Here is a error:java.lang.NullPointerException
2013-08-19 15:30:19,953 ERROR [AWT-EventQueue-0] com.thang.view.Interflow -code:client.start Here is a error:java.lang.NullPointerException
2013-08-19 15:31:27,468 ERROR [AWT-EventQueue-0] com.thang.view.Interflow -code:client.start Here is a error:java.lang.NullPointerException
2013-08-19 15:33:31,406  INFO [AWT-EventQueue-0] com.thang.view.Interflow -Start Successful !
2013-08-19 15:34:24,015  INFO [AWT-EventQueue-0] com.thang.view.Interflow -Start Successful !
2013-08-19 15:34:42,687  INFO [AWT-EventQueue-0] com.thang.view.Interflow -Start Successful !
2013-08-19 15:56:10,796 ERROR [AWT-EventQueue-0] com.thang.view.Interflow -code:client.start Here is a error:java.lang.NullPointerException
2013-08-19 15:56:22,796 ERROR [AWT-EventQueue-0] com.thang.view.Interflow -code:client.start Here is a error:java.lang.NullPointerException
2013-08-19 15:57:05,890 ERROR [AWT-EventQueue-0] com.thang.view.Interflow -code:client.start Here is a error:java.lang.IllegalArgumentException: adding container's parent to itself
2013-08-19 15:57:48,312  INFO [AWT-EventQueue-0] com.thang.view.Interflow -Start Successful !
2013-08-19 15:58:40,250  INFO [AWT-EventQueue-0] com.thang.view.Interflow -Start Successful !
2013-08-19 15:58:53,312  INFO [AWT-EventQueue-0] com.thang.view.Interflow -Start Successful !
2013-08-19 15:59:06,734  INFO [AWT-EventQueue-0] com.thang.view.Interflow -Start Successful !
2013-08-19 16:03:29,781  INFO [AWT-EventQueue-0] com.thang.view.Interflow -Start Successful !
2013-08-19 16:06:44,421  INFO [AWT-EventQueue-0] com.thang.view.Interflow -Start Successful !
2013-08-19 16:13:16,281  INFO [AWT-EventQueue-0] com.thang.view.Interflow -Start Successful !
2013-08-19 16:25:21,562  INFO [AWT-EventQueue-0] com.thang.view.Interflow -Start Successful !
2013-08-19 16:36:16,218  INFO [AWT-EventQueue-0] com.thang.view.Interflow -Start Successful !
2013-08-19 16:44:05,390  INFO [AWT-EventQueue-0] com.thang.view.Interflow -Start Successful !
2013-08-20 12:15:09,828 ERROR [AWT-EventQueue-0] com.thang.view.Interflow -code:client.start Here is a error:SASL authentication DIGEST-MD5 failed: not-authorized: 
2013-08-20 12:15:23,359 ERROR [AWT-EventQueue-0] com.thang.view.Interflow -code:client.start Here is a error:SASL authentication DIGEST-MD5 failed: not-authorized: 
2013-08-20 12:15:27,250 ERROR [AWT-EventQueue-0] com.thang.view.Interflow -code:client.start Here is a error:SASL authentication DIGEST-MD5 failed: not-authorized: 
2013-08-20 12:16:04,484  INFO [AWT-EventQueue-0] com.thang.view.Interflow -Start Successful !
2013-08-20 13:38:37,411 ERROR [AWT-EventQueue-0] com.thang.view.Interflow -code:client.start Here is a error:SASL authentication DIGEST-MD5 failed: not-authorized: 
2013-08-20 13:40:35,536  INFO [AWT-EventQueue-0] com.thang.view.Interflow -Start Successful !
2013-08-20 13:45:01,723  INFO [AWT-EventQueue-0] com.thang.view.Interflow -Start Successful !
2013-08-20 13:47:12,973  INFO [AWT-EventQueue-0] com.thang.view.Interflow -Start Successful !
2013-08-20 13:49:34,739  INFO [AWT-EventQueue-0] com.thang.view.Interflow -Start Successful !
2013-08-20 14:02:55,223  INFO [AWT-EventQueue-0] com.thang.view.Interflow -Start Successful !
2013-08-20 14:05:25,067  INFO [AWT-EventQueue-0] com.thang.view.Interflow -Start Successful !
2013-08-20 14:06:57,177  INFO [AWT-EventQueue-0] com.thang.view.Interflow -Start Successful !
2013-08-20 14:13:26,614  INFO [AWT-EventQueue-0] com.thang.view.Interflow -Start Successful !
2013-08-20 15:56:54,223  INFO [AWT-EventQueue-0] com.thang.view.Interflow -Start Successful !
2013-08-20 16:08:14,160  INFO [AWT-EventQueue-0] com.thang.view.Interflow -Start Successful !
2013-08-20 17:59:35,051  INFO [AWT-EventQueue-0] com.thang.view.Interflow -Start Successful !
2013-08-20 18:00:53,301  INFO [AWT-EventQueue-0] com.thang.view.Interflow -Start Successful !
2013-08-20 18:02:24,723  INFO [AWT-EventQueue-0] com.thang.view.Interflow -Start Successful !
2013-08-21 12:21:02,281  INFO [AWT-EventQueue-0] com.thang.view.Interflow -Start Successful !
2013-08-21 16:31:18,218  INFO [AWT-EventQueue-0] com.thang.view.Interflow -Start Successful !
2013-08-21 16:32:44,578  INFO [AWT-EventQueue-0] com.thang.view.Interflow -Start Successful !
2013-08-21 16:33:23,078  INFO [AWT-EventQueue-0] com.thang.view.Interflow -Start Successful !
2013-08-21 16:43:29,656  INFO [AWT-EventQueue-0] com.thang.view.Interflow -Start Successful !
2013-08-21 16:55:51,468  INFO [AWT-EventQueue-0] com.thang.view.Interflow -Start Successful !
2013-08-21 16:57:21,609  INFO [AWT-EventQueue-0] com.thang.view.Interflow -Start Successful !
2013-08-21 16:58:57,812  INFO [AWT-EventQueue-0] com.thang.view.Interflow -Start Successful !
2013-08-21 17:00:21,515  INFO [AWT-EventQueue-0] com.thang.view.Interflow -Start Successful !
2013-08-21 17:02:20,578  INFO [AWT-EventQueue-0] com.thang.view.Interflow -Start Successful !
2013-08-21 17:15:53,828  INFO [AWT-EventQueue-0] com.thang.view.Interflow -Start Successful !
2013-08-21 17:24:31,218  INFO [AWT-EventQueue-0] com.thang.view.Interflow -Start Successful !
2013-08-21 17:28:47,921  INFO [AWT-EventQueue-0] com.thang.view.Interflow -Start Successful !
2013-08-21 17:29:34,796  INFO [AWT-EventQueue-0] com.thang.view.Interflow -Start Successful !
2013-08-21 17:30:47,562  INFO [AWT-EventQueue-0] com.thang.view.Interflow -Start Successful !
2013-08-21 17:34:30,406  INFO [AWT-EventQueue-0] com.thang.view.Interflow -Start Successful !
2013-08-21 17:34:47,015  INFO [AWT-EventQueue-0] com.thang.view.Interflow -Start Successful !
2013-08-21 17:42:45,156  INFO [AWT-EventQueue-0] com.thang.view.Interflow -Start Successful !
2013-08-21 17:44:01,453  INFO [AWT-EventQueue-0] com.thang.view.Interflow -Start Successful !
2013-08-21 17:50:32,859  INFO [AWT-EventQueue-0] com.thang.view.Interflow -Start Successful !
2013-08-21 18:03:03,078  INFO [AWT-EventQueue-0] com.thang.view.Interflow -Start Successful !
2013-08-21 18:04:00,687  INFO [AWT-EventQueue-0] com.thang.view.Interflow -Start Successful !
2013-08-22 09:30:14,453  INFO [AWT-EventQueue-0] com.thang.view.Interflow -Start Successful !
2013-08-22 10:14:28,578  INFO [AWT-EventQueue-0] com.thang.view.Interflow -Start Successful !
2013-08-22 11:20:09,156  INFO [AWT-EventQueue-0] com.thang.view.Interflow -Start Successful !
2013-08-22 11:24:37,750  INFO [AWT-EventQueue-0] com.thang.view.Interflow -Start Successful !
2013-08-22 11:25:14,562  INFO [AWT-EventQueue-0] com.thang.view.Interflow -Start Successful !
2013-08-22 11:25:30,171  INFO [AWT-EventQueue-0] com.thang.view.Interflow -Start Successful !
2013-08-22 11:26:12,015  INFO [AWT-EventQueue-0] com.thang.view.Interflow -Start Successful !
2013-08-22 11:26:43,687  INFO [AWT-EventQueue-0] com.thang.view.Interflow -Start Successful !
2013-08-22 11:26:58,328  INFO [AWT-EventQueue-0] com.thang.view.Interflow -Start Successful !
2013-08-22 11:27:09,171  INFO [AWT-EventQueue-0] com.thang.view.Interflow -Start Successful !
2013-08-22 12:04:04,187  INFO [AWT-EventQueue-0] com.thang.view.Interflow -Start Successful !
2013-08-22 12:05:43,781  INFO [AWT-EventQueue-0] com.thang.view.Interflow -Start Successful !
2013-08-22 12:06:56,546  INFO [AWT-EventQueue-0] com.thang.view.Interflow -Start Successful !
2013-08-22 12:14:18,375  INFO [AWT-EventQueue-0] com.thang.view.Interflow -Start Successful !
2013-08-22 12:16:30,171  INFO [AWT-EventQueue-0] com.thang.view.Interflow -Start Successful !
2013-08-22 12:17:13,703  INFO [AWT-EventQueue-0] com.thang.view.Interflow -Start Successful !
2013-08-22 12:18:25,062  INFO [AWT-EventQueue-0] com.thang.view.Interflow -Start Successful !
2013-08-22 12:19:15,703  INFO [AWT-EventQueue-0] com.thang.view.Interflow -Start Successful !
2013-08-22 12:20:11,609  INFO [AWT-EventQueue-0] com.thang.view.Interflow -Start Successful !
2013-08-22 12:21:02,453  INFO [AWT-EventQueue-0] com.thang.view.Interflow -Start Successful !
2013-08-22 12:22:23,531  INFO [AWT-EventQueue-0] com.thang.view.Interflow -Start Successful !
2013-08-22 12:25:25,609  INFO [AWT-EventQueue-0] com.thang.view.Interflow -Start Successful !
2013-08-22 12:29:01,593  INFO [AWT-EventQueue-0] com.thang.view.Interflow -Start Successful !
2013-08-22 12:32:12,812  INFO [AWT-EventQueue-0] com.thang.view.Interflow -Start Successful !
2013-08-22 12:37:25,343  INFO [AWT-EventQueue-0] com.thang.view.Interflow -Start Successful !
2013-08-22 12:39:10,515  INFO [AWT-EventQueue-0] com.thang.view.Interflow -Start Successful !
2013-08-22 13:14:49,171  INFO [AWT-EventQueue-0] com.thang.view.Interflow -Start Successful !
2013-08-22 13:17:44,578  INFO [AWT-EventQueue-0] com.thang.view.Interflow -Start Successful !
2013-08-22 13:40:00,484  INFO [AWT-EventQueue-0] com.thang.view.Interflow -Start Successful !
2013-08-22 13:40:45,171  INFO [AWT-EventQueue-0] com.thang.view.Interflow -Start Successful !
2013-08-22 13:46:58,031  INFO [AWT-EventQueue-0] com.thang.view.Interflow -Start Successful !
2013-08-22 13:47:32,078  INFO [AWT-EventQueue-0] com.thang.view.Interflow -Start Successful !
2013-08-22 13:55:19,140  INFO [AWT-EventQueue-0] com.thang.view.Interflow -Start Successful !
2013-08-22 13:58:45,703  INFO [AWT-EventQueue-0] com.thang.view.Interflow -Start Successful !
2013-08-22 14:00:34,109  INFO [AWT-EventQueue-0] com.thang.view.Interflow -Start Successful !
2013-08-22 14:00:59,546  INFO [AWT-EventQueue-0] com.thang.view.Interflow -Start Successful !
2013-08-22 14:27:25,625  INFO [AWT-EventQueue-0] com.thang.view.Interflow -Start Successful !
2013-08-22 14:28:18,593  INFO [AWT-EventQueue-0] com.thang.view.Interflow -Start Successful !
2013-08-22 14:28:48,562  INFO [AWT-EventQueue-0] com.thang.view.Interflow -Start Successful !
2013-08-22 14:31:10,328  INFO [AWT-EventQueue-0] com.thang.view.Interflow -Start Successful !
2013-08-22 14:43:22,828  INFO [AWT-EventQueue-0] com.thang.view.Interflow -Start Successful !
2013-08-22 14:49:50,515  INFO [AWT-EventQueue-0] com.thang.view.Interflow -Start Successful !
2013-08-22 14:52:59,796  INFO [AWT-EventQueue-0] com.thang.view.Interflow -Start Successful !
2013-08-22 14:54:33,359  INFO [AWT-EventQueue-0] com.thang.view.Interflow -Start Successful !
2013-08-22 14:57:36,265  INFO [AWT-EventQueue-0] com.thang.view.Interflow -Start Successful !
2013-08-22 15:00:36,250  INFO [AWT-EventQueue-0] com.thang.view.Interflow -Start Successful !
2013-08-22 15:01:31,687  INFO [AWT-EventQueue-0] com.thang.view.Interflow -Start Successful !
2013-08-22 15:14:32,703  INFO [AWT-EventQueue-0] com.thang.view.Interflow -Start Successful !
2013-08-22 15:23:21,734  INFO [AWT-EventQueue-0] com.thang.view.Interflow -Start Successful !
2013-08-22 15:34:54,328  INFO [AWT-EventQueue-0] com.thang.view.Interflow -Start Successful !
2013-08-22 15:40:44,765  INFO [AWT-EventQueue-0] com.thang.view.Interflow -Start Successful !
2013-08-22 15:47:38,703  INFO [AWT-EventQueue-0] com.thang.view.Interflow -Start Successful !
2013-08-22 16:18:04,062  INFO [AWT-EventQueue-0] com.thang.view.Interflow -Start Successful !
2013-08-22 16:20:36,890  INFO [AWT-EventQueue-0] com.thang.view.Interflow -Start Successful !
2013-08-22 16:23:47,843  INFO [AWT-EventQueue-0] com.thang.view.Interflow -Start Successful !
2013-08-22 16:24:47,406  INFO [AWT-EventQueue-0] com.thang.view.Interflow -Start Successful !
2013-08-22 16:32:15,875  INFO [AWT-EventQueue-0] com.thang.view.Interflow -Start Successful !
2013-08-22 16:32:56,593  INFO [AWT-EventQueue-0] com.thang.view.Interflow -Start Successful !
2013-08-22 16:41:21,218  INFO [AWT-EventQueue-0] com.thang.view.Interflow -Start Successful !
2013-08-22 16:42:04,609  INFO [AWT-EventQueue-0] com.thang.view.Interflow -Start Successful !
2013-08-22 16:42:31,171  INFO [AWT-EventQueue-0] com.thang.view.Interflow -Start Successful !
2013-08-22 16:42:55,890 ERROR [AWT-EventQueue-0] com.thang.view.Interflow -code:client.start Here is a error:java.lang.NullPointerException
2013-08-22 16:44:23,890 ERROR [AWT-EventQueue-0] com.thang.view.Interflow -code:client.start Here is a error:java.lang.NullPointerException
2013-08-22 16:45:13,968 ERROR [AWT-EventQueue-0] com.thang.view.Interflow -code:client.start Here is a error:java.lang.NullPointerException
2013-08-22 16:49:06,531 ERROR [AWT-EventQueue-0] com.thang.view.Interflow -code:client.start Here is a error:java.lang.NullPointerException
2013-08-22 16:49:11,781 ERROR [AWT-EventQueue-0] com.thang.view.Interflow -code:client.start Here is a error:java.lang.NullPointerException
2013-08-22 16:50:29,703 ERROR [AWT-EventQueue-0] com.thang.view.Interflow -code:client.start Here is a error:java.lang.NullPointerException
2013-08-22 16:51:36,421 ERROR [AWT-EventQueue-0] com.thang.view.Interflow -code:client.start Here is a error:java.lang.NullPointerException
2013-08-22 16:54:29,750 ERROR [AWT-EventQueue-0] com.thang.view.Interflow -code:client.start Here is a error:java.lang.NullPointerException
2013-08-22 16:55:10,421 ERROR [AWT-EventQueue-0] com.thang.view.Interflow -code:client.start Here is a error:java.lang.NullPointerException
2013-08-22 16:55:41,984 ERROR [AWT-EventQueue-0] com.thang.view.Interflow -code:client.start Here is a error:java.lang.NullPointerException
2013-08-22 16:55:50,828 ERROR [AWT-EventQueue-0] com.thang.view.Interflow -code:client.start Here is a error:java.lang.NullPointerException
2013-08-22 17:02:51,828  INFO [AWT-EventQueue-0] com.thang.view.Interflow -Start Successful !
2013-08-22 17:03:12,921  INFO [AWT-EventQueue-0] com.thang.view.Interflow -Start Successful !
2013-08-22 17:03:30,281  INFO [AWT-EventQueue-0] com.thang.view.Interflow -Start Successful !
2013-08-22 17:03:49,718  INFO [AWT-EventQueue-0] com.thang.view.Interflow -Start Successful !
2013-08-22 17:06:25,187  INFO [AWT-EventQueue-0] com.thang.view.Interflow -Start Successful !
2013-08-22 17:06:38,859  INFO [AWT-EventQueue-0] com.thang.view.Interflow -Start Successful !
2013-08-22 17:09:18,046  INFO [AWT-EventQueue-0] com.thang.view.Interflow -Start Successful !
2013-08-22 17:09:33,218  INFO [AWT-EventQueue-0] com.thang.view.Interflow -Start Successful !
2013-08-23 09:47:57,390  INFO [AWT-EventQueue-0] com.thang.view.Interflow -Start Successful !
2013-08-23 09:50:49,406  INFO [AWT-EventQueue-0] com.thang.view.Interflow -Start Successful !
2013-08-23 09:51:58,031  INFO [AWT-EventQueue-0] com.thang.view.Interflow -Start Successful !
2013-08-23 09:57:06,968  INFO [AWT-EventQueue-0] com.thang.view.Interflow -Start Successful !
2013-08-23 09:58:15,125  INFO [AWT-EventQueue-0] com.thang.view.Interflow -Start Successful !
2013-08-23 10:00:30,359  INFO [AWT-EventQueue-0] com.thang.view.Interflow -Start Successful !
2013-08-23 10:00:53,796  INFO [AWT-EventQueue-0] com.thang.view.Interflow -Start Successful !
2013-08-23 10:16:39,703  INFO [AWT-EventQueue-0] com.thang.view.Interflow -Start Successful !
2013-08-23 10:17:25,078  INFO [AWT-EventQueue-0] com.thang.view.Interflow -Start Successful !
2013-08-23 10:19:34,468  INFO [AWT-EventQueue-0] com.thang.view.Interflow -Start Successful !
2013-08-23 10:20:01,921  INFO [AWT-EventQueue-0] com.thang.view.Interflow -Start Successful !
2013-08-23 10:20:28,609  INFO [AWT-EventQueue-0] com.thang.view.Interflow -Start Successful !
2013-08-23 10:22:34,343  INFO [AWT-EventQueue-0] com.thang.view.Interflow -Start Successful !
2013-08-23 10:23:30,765  INFO [AWT-EventQueue-0] com.thang.view.Interflow -Start Successful !
2013-08-23 10:33:44,156  INFO [AWT-EventQueue-0] com.thang.view.Interflow -Start Successful !
2013-08-23 10:36:53,328  INFO [AWT-EventQueue-0] com.thang.view.Interflow -Start Successful !
2013-08-23 10:40:41,296  INFO [AWT-EventQueue-0] com.thang.view.Interflow -Start Successful !
2013-08-23 10:41:10,312  INFO [AWT-EventQueue-0] com.thang.view.Interflow -Start Successful !
2013-08-23 11:32:00,437  INFO [AWT-EventQueue-0] com.thang.view.Interflow -Start Successful !
2013-08-23 12:13:20,578  INFO [AWT-EventQueue-0] com.thang.view.Interflow -Start Successful !
2013-08-23 12:13:37,015  INFO [AWT-EventQueue-0] com.thang.view.Interflow -Start Successful !
2013-08-23 12:33:07,421  INFO [AWT-EventQueue-0] com.thang.view.Interflow -Start Successful !
2013-08-23 12:33:19,062  INFO [AWT-EventQueue-0] com.thang.view.Interflow -Start Successful !
2013-08-23 12:34:02,875  INFO [AWT-EventQueue-0] com.thang.view.Interflow -Start Successful !
2013-08-23 12:34:15,203  INFO [AWT-EventQueue-0] com.thang.view.Interflow -Start Successful !
2013-08-23 12:38:33,109  INFO [AWT-EventQueue-0] com.thang.view.Interflow -Start Successful !
2013-08-23 12:38:50,187  INFO [AWT-EventQueue-0] com.thang.view.Interflow -Start Successful !
2013-08-23 12:49:35,250  INFO [AWT-EventQueue-0] com.thang.view.Interflow -Start Successful !
2013-08-23 12:49:46,562  INFO [AWT-EventQueue-0] com.thang.view.Interflow -Start Successful !
2013-08-23 12:52:06,921  INFO [AWT-EventQueue-0] com.thang.view.Interflow -Start Successful !
2013-08-23 12:52:17,406  INFO [AWT-EventQueue-0] com.thang.view.Interflow -Start Successful !
2013-08-23 12:55:15,453  INFO [AWT-EventQueue-0] com.thang.view.Interflow -Start Successful !
2013-08-23 12:58:02,906  INFO [AWT-EventQueue-0] com.thang.view.Interflow -Start Successful !
2013-08-23 12:59:29,578  INFO [AWT-EventQueue-0] com.thang.view.Interflow -Start Successful !
2013-08-23 12:59:41,703  INFO [AWT-EventQueue-0] com.thang.view.Interflow -Start Successful !
2013-08-23 13:05:21,921  INFO [AWT-EventQueue-0] com.thang.view.Interflow -Start Successful !
2013-08-23 13:05:32,437  INFO [AWT-EventQueue-0] com.thang.view.Interflow -Start Successful !
2013-08-23 13:28:47,625  INFO [AWT-EventQueue-0] com.thang.view.Interflow -Start Successful !
2013-08-23 13:28:58,765  INFO [AWT-EventQueue-0] com.thang.view.Interflow -Start Successful !
2013-08-23 13:32:17,187  INFO [AWT-EventQueue-0] com.thang.view.Interflow -Start Successful !
2013-08-23 13:32:29,890  INFO [AWT-EventQueue-0] com.thang.view.Interflow -Start Successful !
2013-08-28 16:57:38,312 ERROR [AWT-EventQueue-0] com.thang.view.Interflow -code:client.start Here is a error:localhost:5222 Exception: XMPPError connecting to localhost:5222.; : remote-server-error(502)
2013-08-28 16:59:16,875 ERROR [AWT-EventQueue-0] com.thang.view.Interflow -code:client.start Here is a error:localhost:5222 Exception: XMPPError connecting to localhost:5222.; : remote-server-error(502)
2013-08-28 16:59:26,437 ERROR [AWT-EventQueue-0] com.thang.view.Interflow -code:client.start Here is a error:localhost:5222 Exception: XMPPError connecting to localhost:5222.; : remote-server-error(502)
2013-08-28 17:00:22,890  INFO [AWT-EventQueue-0] com.thang.view.Interflow -Start Successful !
2013-08-28 17:00:42,640  INFO [AWT-EventQueue-0] com.thang.view.Interflow -Start Successful !
2013-08-28 17:04:55,390  INFO [AWT-EventQueue-0] com.thang.view.Interflow -Start Successful !
2013-08-28 17:05:07,812  INFO [AWT-EventQueue-0] com.thang.view.Interflow -Start Successful !
2013-08-28 17:20:03,843  INFO [AWT-EventQueue-0] com.thang.view.Interflow -Start Successful !
2013-08-28 17:23:52,765  INFO [AWT-EventQueue-0] com.thang.view.Interflow -Start Successful !
2013-08-28 17:46:20,875  INFO [AWT-EventQueue-0] com.thang.view.Interflow -Start Successful !
2013-08-28 17:51:17,968  INFO [AWT-EventQueue-0] com.thang.view.Interflow -Start Successful !
2013-08-28 17:52:24,562  INFO [AWT-EventQueue-0] com.thang.view.Interflow -Start Successful !
2013-08-28 17:56:43,453  INFO [AWT-EventQueue-0] com.thang.view.Interflow -Start Successful !
2013-08-28 17:56:59,031  INFO [AWT-EventQueue-0] com.thang.view.Interflow -Start Successful !
2013-08-29 15:24:46,765  INFO [AWT-EventQueue-0] com.thang.view.Interflow -Start Successful !
2013-08-29 15:25:03,968  INFO [AWT-EventQueue-0] com.thang.view.Interflow -Start Successful !
2013-08-29 15:33:08,859  INFO [AWT-EventQueue-0] com.thang.view.Interflow -Start Successful !
2013-08-29 15:35:10,406  INFO [AWT-EventQueue-0] com.thang.view.Interflow -Start Successful !
2013-08-29 15:40:00,703  INFO [AWT-EventQueue-0] com.thang.view.Interflow -Start Successful !
2013-08-29 15:40:12,781  INFO [AWT-EventQueue-0] com.thang.view.Interflow -Start Successful !
2013-08-29 15:46:36,234  INFO [AWT-EventQueue-0] com.thang.view.Interflow -Start Successful !
2013-08-29 15:53:14,531  INFO [AWT-EventQueue-0] com.thang.view.Interflow -Start Successful !
2013-08-29 15:54:49,359  INFO [AWT-EventQueue-0] com.thang.view.Interflow -Start Successful !
2013-08-30 16:59:47,015  INFO [AWT-EventQueue-0] com.thang.view.Interflow -Start Successful !
2013-08-30 17:01:09,828  INFO [AWT-EventQueue-0] com.thang.view.Interflow -Start Successful !
2013-08-30 17:02:44,312  INFO [AWT-EventQueue-0] com.thang.view.Interflow -Start Successful !
2013-08-30 17:10:58,546  INFO [AWT-EventQueue-0] com.thang.view.Interflow -Start Successful !
2013-08-30 17:28:20,406  INFO [AWT-EventQueue-0] com.thang.view.Interflow -Start Successful !
2013-08-30 17:36:47,687  INFO [AWT-EventQueue-0] com.thang.view.Interflow -Start Successful !
2013-08-30 17:38:01,093  INFO [AWT-EventQueue-0] com.thang.view.Interflow -Start Successful !
2013-08-30 17:40:59,000  INFO [AWT-EventQueue-0] com.thang.view.Interflow -Start Successful !
2013-08-30 17:48:08,906  INFO [AWT-EventQueue-0] com.thang.view.Interflow -Start Successful !
2013-08-30 17:49:55,921  INFO [AWT-EventQueue-0] com.thang.view.Interflow -Start Successful !
2013-08-30 17:53:25,078  INFO [AWT-EventQueue-0] com.thang.view.Interflow -Start Successful !
2013-08-30 17:58:43,796  INFO [AWT-EventQueue-0] com.thang.view.Interflow -Start Successful !
2013-08-30 17:59:24,609  INFO [AWT-EventQueue-0] com.thang.view.Interflow -Start Successful !
2013-08-30 18:00:24,812  INFO [AWT-EventQueue-0] com.thang.view.Interflow -Start Successful !
2013-08-30 18:02:00,953  INFO [AWT-EventQueue-0] com.thang.view.Interflow -Start Successful !
2013-09-02 09:35:11,203  INFO [AWT-EventQueue-0] com.thang.view.Interflow -Start Successful !
2013-09-02 09:40:06,437  INFO [AWT-EventQueue-0] com.thang.view.Interflow -Start Successful !
2013-09-02 09:41:14,859  INFO [AWT-EventQueue-0] com.thang.view.Interflow -Start Successful !
2013-09-02 09:44:39,390  INFO [AWT-EventQueue-0] com.thang.view.Interflow -Start Successful !
2013-09-02 09:46:08,609  INFO [AWT-EventQueue-0] com.thang.view.Interflow -Start Successful !
2013-09-02 09:48:09,671  INFO [AWT-EventQueue-0] com.thang.view.Interflow -Start Successful !
2013-09-02 09:53:01,062  INFO [AWT-EventQueue-0] com.thang.view.Interflow -Start Successful !
2013-09-02 10:06:42,390  INFO [AWT-EventQueue-0] com.thang.view.Interflow -Start Successful !
2013-09-02 11:22:01,843  INFO [AWT-EventQueue-0] com.thang.view.Interflow -Start Successful !
2013-09-02 11:22:59,390  INFO [AWT-EventQueue-0] com.thang.view.Interflow -Start Successful !
2013-09-02 11:23:22,812  INFO [AWT-EventQueue-0] com.thang.view.Interflow -Start Successful !
2013-09-02 11:23:46,250  INFO [AWT-EventQueue-0] com.thang.view.Interflow -Start Successful !
2013-09-02 11:25:35,140  INFO [AWT-EventQueue-0] com.thang.view.Interflow -Start Successful !
2013-09-02 11:29:48,546  INFO [AWT-EventQueue-0] com.thang.view.Interflow -Start Successful !
2013-09-02 11:34:40,375  INFO [AWT-EventQueue-0] com.thang.view.Interflow -Start Successful !
2013-09-02 13:43:11,718  INFO [AWT-EventQueue-0] com.thang.view.Interflow -Start Successful !
2013-09-02 13:44:11,328  INFO [AWT-EventQueue-0] com.thang.view.Interflow -Start Successful !
2013-09-02 13:45:08,171  INFO [AWT-EventQueue-0] com.thang.view.Interflow -Start Successful !
2013-09-02 13:46:05,359  INFO [AWT-EventQueue-0] com.thang.view.Interflow -Start Successful !
2013-09-02 13:52:09,390  INFO [AWT-EventQueue-0] com.thang.view.Interflow -Start Successful !
2013-09-02 14:09:08,171  INFO [AWT-EventQueue-0] com.thang.view.Interflow -Start Successful !
2013-09-02 14:13:19,515  INFO [AWT-EventQueue-0] com.thang.view.Interflow -Start Successful !
2013-09-02 14:17:30,468  INFO [AWT-EventQueue-0] com.thang.view.Interflow -Start Successful !
2013-09-02 14:18:55,906  INFO [AWT-EventQueue-0] com.thang.view.Interflow -Start Successful !
2013-09-02 14:19:40,609  INFO [AWT-EventQueue-0] com.thang.view.Interflow -Start Successful !
2013-09-02 14:20:19,703  INFO [AWT-EventQueue-0] com.thang.view.Interflow -Start Successful !
2013-09-02 14:41:07,187  INFO [AWT-EventQueue-0] com.thang.view.Interflow -Start Successful !
2013-09-02 14:41:42,578  INFO [AWT-EventQueue-0] com.thang.view.Interflow -Start Successful !
2013-09-02 14:52:09,828  INFO [AWT-EventQueue-0] com.thang.view.Interflow -Start Successful !
2013-09-02 14:55:18,953  INFO [AWT-EventQueue-0] com.thang.view.Interflow -Start Successful !
2013-09-02 14:56:56,515  INFO [AWT-EventQueue-0] com.thang.view.Interflow -Start Successful !
2013-09-02 15:02:47,828  INFO [AWT-EventQueue-0] com.thang.view.Interflow -Start Successful !
2013-09-02 15:08:53,859  INFO [AWT-EventQueue-0] com.thang.view.Interflow -Start Successful !
2013-09-02 15:09:33,468  INFO [AWT-EventQueue-0] com.thang.view.Interflow -Start Successful !
2013-09-02 15:30:05,187  INFO [AWT-EventQueue-0] com.thang.view.Interflow -Start Successful !
